{"/Users/aliang/new_pathfinder/PathFinder/frontend/src/SharedContext.js": {"path":"/Users/aliang/new_pathfinder/PathFinder/frontend/src/SharedContext.js","statementMap":{"0":{"start":{"line":2,"column":22},"end":{"line":2,"column":43}}},"fnMap":{},"branchMap":{},"s":{"0":1},"f":{},"b":{},"_coverageSchema":"1a1c01bbd47fc00a2c39e90264f33305004495a9","hash":"0a60e4fabb4bc2293dc8d43792da61ef4c0cfb5b"}
,"/Users/aliang/new_pathfinder/PathFinder/frontend/src/demo.js": {"path":"/Users/aliang/new_pathfinder/PathFinder/frontend/src/demo.js","statementMap":{"0":{"start":{"line":9,"column":15},"end":{"line":11,"column":1}},"1":{"start":{"line":13,"column":0},"end":{"line":13,"column":24}},"2":{"start":{"line":16,"column":46},"end":{"line":16,"column":58}},"3":{"start":{"line":17,"column":40},"end":{"line":17,"column":65}},"4":{"start":{"line":18,"column":26},"end":{"line":18,"column":38}},"5":{"start":{"line":19,"column":38},"end":{"line":19,"column":53}},"6":{"start":{"line":20,"column":37},"end":{"line":20,"column":52}},"7":{"start":{"line":21,"column":40},"end":{"line":21,"column":64}},"8":{"start":{"line":22,"column":30},"end":{"line":22,"column":41}},"9":{"start":{"line":25,"column":23},"end":{"line":112,"column":3}},"10":{"start":{"line":26,"column":4},"end":{"line":26,"column":35}},"11":{"start":{"line":27,"column":17},"end":{"line":27,"column":39}},"12":{"start":{"line":28,"column":4},"end":{"line":28,"column":41}},"13":{"start":{"line":28,"column":34},"end":{"line":28,"column":41}},"14":{"start":{"line":29,"column":4},"end":{"line":29,"column":30}},"15":{"start":{"line":32,"column":14},"end":{"line":32,"column":70}},"16":{"start":{"line":40,"column":4},"end":{"line":111,"column":9}},"17":{"start":{"line":42,"column":8},"end":{"line":44,"column":9}},"18":{"start":{"line":43,"column":10},"end":{"line":43,"column":25}},"19":{"start":{"line":45,"column":8},"end":{"line":45,"column":31}},"20":{"start":{"line":56,"column":8},"end":{"line":56,"column":28}},"21":{"start":{"line":58,"column":22},"end":{"line":58,"column":26}},"22":{"start":{"line":59,"column":8},"end":{"line":59,"column":41}},"23":{"start":{"line":61,"column":8},"end":{"line":61,"column":31}},"24":{"start":{"line":62,"column":20},"end":{"line":69,"column":10}},"25":{"start":{"line":63,"column":10},"end":{"line":63,"column":36}},"26":{"start":{"line":64,"column":10},"end":{"line":68,"column":11}},"27":{"start":{"line":65,"column":14},"end":{"line":65,"column":28}},"28":{"start":{"line":66,"column":14},"end":{"line":66,"column":34}},"29":{"start":{"line":67,"column":14},"end":{"line":67,"column":26}},"30":{"start":{"line":70,"column":8},"end":{"line":70,"column":37}},"31":{"start":{"line":71,"column":8},"end":{"line":74,"column":9}},"32":{"start":{"line":72,"column":12},"end":{"line":72,"column":47}},"33":{"start":{"line":73,"column":12},"end":{"line":73,"column":33}},"34":{"start":{"line":76,"column":8},"end":{"line":76,"column":25}},"35":{"start":{"line":114,"column":18},"end":{"line":132,"column":3}},"36":{"start":{"line":115,"column":19},"end":{"line":115,"column":31}},"37":{"start":{"line":117,"column":4},"end":{"line":117,"column":25}},"38":{"start":{"line":118,"column":4},"end":{"line":123,"column":7}},"39":{"start":{"line":119,"column":6},"end":{"line":122,"column":8}},"40":{"start":{"line":125,"column":4},"end":{"line":127,"column":7}},"41":{"start":{"line":126,"column":6},"end":{"line":126,"column":24}},"42":{"start":{"line":129,"column":4},"end":{"line":131,"column":5}},"43":{"start":{"line":130,"column":6},"end":{"line":130,"column":23}},"44":{"start":{"line":134,"column":26},"end":{"line":137,"column":3}},"45":{"start":{"line":135,"column":4},"end":{"line":135,"column":39}},"46":{"start":{"line":136,"column":4},"end":{"line":136,"column":35}},"47":{"start":{"line":140,"column":4},"end":{"line":140,"column":43}},"48":{"start":{"line":141,"column":4},"end":{"line":141,"column":22}},"49":{"start":{"line":143,"column":4},"end":{"line":145,"column":7}},"50":{"start":{"line":144,"column":6},"end":{"line":144,"column":56}},"51":{"start":{"line":144,"column":39},"end":{"line":144,"column":54}},"52":{"start":{"line":148,"column":4},"end":{"line":150,"column":5}},"53":{"start":{"line":148,"column":15},"end":{"line":148,"column":18}},"54":{"start":{"line":149,"column":6},"end":{"line":149,"column":58}},"55":{"start":{"line":153,"column":18},"end":{"line":180,"column":3}},"56":{"start":{"line":154,"column":4},"end":{"line":179,"column":5}},"57":{"start":{"line":158,"column":54},"end":{"line":158,"column":72}},"58":{"start":{"line":175,"column":89},"end":{"line":175,"column":112}},"59":{"start":{"line":176,"column":89},"end":{"line":176,"column":112}},"60":{"start":{"line":182,"column":28},"end":{"line":182,"column":50}},"61":{"start":{"line":184,"column":2},"end":{"line":190,"column":4}},"62":{"start":{"line":188,"column":22},"end":{"line":188,"column":68}},"63":{"start":{"line":189,"column":4},"end":{"line":189,"column":38}},"64":{"start":{"line":192,"column":2},"end":{"line":216,"column":3}}},"fnMap":{"0":{"name":"Demo","decl":{"start":{"line":15,"column":24},"end":{"line":15,"column":28}},"loc":{"start":{"line":15,"column":31},"end":{"line":217,"column":1}},"line":15},"1":{"name":"(anonymous_1)","decl":{"start":{"line":25,"column":23},"end":{"line":25,"column":24}},"loc":{"start":{"line":25,"column":38},"end":{"line":112,"column":3}},"line":25},"2":{"name":"(anonymous_2)","decl":{"start":{"line":41,"column":12},"end":{"line":41,"column":13}},"loc":{"start":{"line":41,"column":26},"end":{"line":46,"column":7}},"line":41},"3":{"name":"(anonymous_3)","decl":{"start":{"line":47,"column":12},"end":{"line":47,"column":13}},"loc":{"start":{"line":47,"column":22},"end":{"line":107,"column":7}},"line":47},"4":{"name":"(anonymous_4)","decl":{"start":{"line":62,"column":33},"end":{"line":62,"column":34}},"loc":{"start":{"line":62,"column":43},"end":{"line":69,"column":9}},"line":62},"5":{"name":"(anonymous_5)","decl":{"start":{"line":108,"column":13},"end":{"line":108,"column":14}},"loc":{"start":{"line":108,"column":24},"end":{"line":111,"column":7}},"line":108},"6":{"name":"(anonymous_6)","decl":{"start":{"line":114,"column":18},"end":{"line":114,"column":19}},"loc":{"start":{"line":114,"column":24},"end":{"line":132,"column":3}},"line":114},"7":{"name":"(anonymous_7)","decl":{"start":{"line":118,"column":13},"end":{"line":118,"column":14}},"loc":{"start":{"line":118,"column":26},"end":{"line":123,"column":5}},"line":118},"8":{"name":"(anonymous_8)","decl":{"start":{"line":125,"column":14},"end":{"line":125,"column":15}},"loc":{"start":{"line":125,"column":24},"end":{"line":127,"column":5}},"line":125},"9":{"name":"(anonymous_9)","decl":{"start":{"line":134,"column":26},"end":{"line":134,"column":27}},"loc":{"start":{"line":134,"column":35},"end":{"line":137,"column":3}},"line":134},"10":{"name":"removeDisabled","decl":{"start":{"line":139,"column":11},"end":{"line":139,"column":25}},"loc":{"start":{"line":139,"column":31},"end":{"line":151,"column":3}},"line":139},"11":{"name":"(anonymous_11)","decl":{"start":{"line":143,"column":13},"end":{"line":143,"column":14}},"loc":{"start":{"line":143,"column":26},"end":{"line":145,"column":5}},"line":143},"12":{"name":"(anonymous_12)","decl":{"start":{"line":144,"column":31},"end":{"line":144,"column":32}},"loc":{"start":{"line":144,"column":39},"end":{"line":144,"column":54}},"line":144},"13":{"name":"(anonymous_13)","decl":{"start":{"line":153,"column":18},"end":{"line":153,"column":19}},"loc":{"start":{"line":153,"column":26},"end":{"line":180,"column":3}},"line":153},"14":{"name":"(anonymous_14)","decl":{"start":{"line":158,"column":48},"end":{"line":158,"column":49}},"loc":{"start":{"line":158,"column":54},"end":{"line":158,"column":72}},"line":158},"15":{"name":"(anonymous_15)","decl":{"start":{"line":175,"column":79},"end":{"line":175,"column":80}},"loc":{"start":{"line":175,"column":88},"end":{"line":175,"column":113}},"line":175},"16":{"name":"(anonymous_16)","decl":{"start":{"line":176,"column":79},"end":{"line":176,"column":80}},"loc":{"start":{"line":176,"column":88},"end":{"line":176,"column":113}},"line":176},"17":{"name":"(anonymous_17)","decl":{"start":{"line":184,"column":12},"end":{"line":184,"column":13}},"loc":{"start":{"line":184,"column":18},"end":{"line":190,"column":3}},"line":184}},"branchMap":{"0":{"loc":{"start":{"line":28,"column":4},"end":{"line":28,"column":41}},"type":"if","locations":[{"start":{"line":28,"column":4},"end":{"line":28,"column":41}},{"start":{"line":28,"column":4},"end":{"line":28,"column":41}}],"line":28},"1":{"loc":{"start":{"line":42,"column":8},"end":{"line":44,"column":9}},"type":"if","locations":[{"start":{"line":42,"column":8},"end":{"line":44,"column":9}},{"start":{"line":42,"column":8},"end":{"line":44,"column":9}}],"line":42},"2":{"loc":{"start":{"line":64,"column":10},"end":{"line":68,"column":11}},"type":"if","locations":[{"start":{"line":64,"column":10},"end":{"line":68,"column":11}},{"start":{"line":64,"column":10},"end":{"line":68,"column":11}}],"line":64},"3":{"loc":{"start":{"line":71,"column":8},"end":{"line":74,"column":9}},"type":"if","locations":[{"start":{"line":71,"column":8},"end":{"line":74,"column":9}},{"start":{"line":71,"column":8},"end":{"line":74,"column":9}}],"line":71},"4":{"loc":{"start":{"line":129,"column":4},"end":{"line":131,"column":5}},"type":"if","locations":[{"start":{"line":129,"column":4},"end":{"line":131,"column":5}},{"start":{"line":129,"column":4},"end":{"line":131,"column":5}}],"line":129}},"s":{"0":1,"1":1,"2":0,"3":0,"4":0,"5":0,"6":0,"7":0,"8":0,"9":0,"10":0,"11":0,"12":0,"13":0,"14":0,"15":0,"16":0,"17":0,"18":0,"19":0,"20":0,"21":0,"22":0,"23":0,"24":0,"25":0,"26":0,"27":0,"28":0,"29":0,"30":0,"31":0,"32":0,"33":0,"34":0,"35":0,"36":0,"37":0,"38":0,"39":0,"40":0,"41":0,"42":0,"43":0,"44":0,"45":0,"46":0,"47":0,"48":0,"49":0,"50":0,"51":0,"52":0,"53":0,"54":0,"55":0,"56":0,"57":0,"58":0,"59":0,"60":0,"61":0,"62":0,"63":0,"64":0},"f":{"0":0,"1":0,"2":0,"3":0,"4":0,"5":0,"6":0,"7":0,"8":0,"9":0,"10":0,"11":0,"12":0,"13":0,"14":0,"15":0,"16":0,"17":0},"b":{"0":[0,0],"1":[0,0],"2":[0,0],"3":[0,0],"4":[0,0]},"_coverageSchema":"1a1c01bbd47fc00a2c39e90264f33305004495a9","hash":"6b973355b80524160b92f22fc66b6f938fd47429"}
,"/Users/aliang/new_pathfinder/PathFinder/frontend/src/piechart.js": {"path":"/Users/aliang/new_pathfinder/PathFinder/frontend/src/piechart.js","statementMap":{"0":{"start":{"line":15,"column":6},"end":{"line":15,"column":37}},"1":{"start":{"line":17,"column":20},"end":{"line":82,"column":3}},"2":{"start":{"line":19,"column":4},"end":{"line":19,"column":43}},"3":{"start":{"line":21,"column":15},"end":{"line":21,"column":17}},"4":{"start":{"line":22,"column":17},"end":{"line":22,"column":19}},"5":{"start":{"line":27,"column":19},"end":{"line":27,"column":43}},"6":{"start":{"line":28,"column":14},"end":{"line":28,"column":43}},"7":{"start":{"line":30,"column":4},"end":{"line":33,"column":5}},"8":{"start":{"line":30,"column":15},"end":{"line":30,"column":16}},"9":{"start":{"line":31,"column":6},"end":{"line":31,"column":31}},"10":{"start":{"line":32,"column":6},"end":{"line":32,"column":33}},"11":{"start":{"line":36,"column":12},"end":{"line":36,"column":28}},"12":{"start":{"line":37,"column":11},"end":{"line":37,"column":28}},"13":{"start":{"line":38,"column":12},"end":{"line":38,"column":30}},"14":{"start":{"line":39,"column":15},"end":{"line":39,"column":16}},"15":{"start":{"line":40,"column":12},"end":{"line":40,"column":48}},"16":{"start":{"line":41,"column":7},"end":{"line":41,"column":91}},"17":{"start":{"line":43,"column":16},"end":{"line":45,"column":27}},"18":{"start":{"line":48,"column":12},"end":{"line":48,"column":20}},"19":{"start":{"line":51,"column":12},"end":{"line":53,"column":26}},"20":{"start":{"line":56,"column":13},"end":{"line":60,"column":26}},"21":{"start":{"line":63,"column":2},"end":{"line":69,"column":35}},"22":{"start":{"line":65,"column":4},"end":{"line":65,"column":20}},"23":{"start":{"line":71,"column":4},"end":{"line":80,"column":29}},"24":{"start":{"line":73,"column":8},"end":{"line":73,"column":29}},"25":{"start":{"line":77,"column":8},"end":{"line":77,"column":52}},"26":{"start":{"line":88,"column":21},"end":{"line":228,"column":3}},"27":{"start":{"line":91,"column":14},"end":{"line":91,"column":30}},"28":{"start":{"line":94,"column":14},"end":{"line":94,"column":17}},"29":{"start":{"line":95,"column":15},"end":{"line":95,"column":18}},"30":{"start":{"line":96,"column":17},"end":{"line":96,"column":19}},"31":{"start":{"line":99,"column":17},"end":{"line":99,"column":53}},"32":{"start":{"line":102,"column":25},"end":{"line":102,"column":27}},"33":{"start":{"line":103,"column":24},"end":{"line":103,"column":25}},"34":{"start":{"line":106,"column":16},"end":{"line":106,"column":46}},"35":{"start":{"line":108,"column":18},"end":{"line":108,"column":35}},"36":{"start":{"line":109,"column":4},"end":{"line":109,"column":53}},"37":{"start":{"line":111,"column":4},"end":{"line":116,"column":80}},"38":{"start":{"line":118,"column":14},"end":{"line":120,"column":26}},"39":{"start":{"line":122,"column":14},"end":{"line":126,"column":17}},"40":{"start":{"line":124,"column":8},"end":{"line":124,"column":23}},"41":{"start":{"line":132,"column":18},"end":{"line":134,"column":31}},"42":{"start":{"line":136,"column":4},"end":{"line":137,"column":30}},"43":{"start":{"line":139,"column":4},"end":{"line":140,"column":30}},"44":{"start":{"line":142,"column":4},"end":{"line":143,"column":32}},"45":{"start":{"line":164,"column":15},"end":{"line":170,"column":47}},"46":{"start":{"line":169,"column":34},"end":{"line":169,"column":61}},"47":{"start":{"line":170,"column":26},"end":{"line":170,"column":44}},"48":{"start":{"line":173,"column":4},"end":{"line":189,"column":7}},"49":{"start":{"line":175,"column":18},"end":{"line":178,"column":9}},"50":{"start":{"line":176,"column":8},"end":{"line":176,"column":23}},"51":{"start":{"line":179,"column":6},"end":{"line":179,"column":29}},"52":{"start":{"line":181,"column":20},"end":{"line":181,"column":64}},"53":{"start":{"line":182,"column":6},"end":{"line":182,"column":50}},"54":{"start":{"line":184,"column":6},"end":{"line":184,"column":53}},"55":{"start":{"line":185,"column":6},"end":{"line":185,"column":40}},"56":{"start":{"line":187,"column":24},"end":{"line":187,"column":87}},"57":{"start":{"line":187,"column":73},"end":{"line":187,"column":84}},"58":{"start":{"line":188,"column":6},"end":{"line":188,"column":53}},"59":{"start":{"line":191,"column":4},"end":{"line":194,"column":7}},"60":{"start":{"line":192,"column":6},"end":{"line":192,"column":39}},"61":{"start":{"line":196,"column":4},"end":{"line":200,"column":7}},"62":{"start":{"line":198,"column":6},"end":{"line":199,"column":47}},"63":{"start":{"line":202,"column":4},"end":{"line":226,"column":6}},"64":{"start":{"line":204,"column":6},"end":{"line":204,"column":35}},"65":{"start":{"line":206,"column":6},"end":{"line":211,"column":7}},"66":{"start":{"line":207,"column":8},"end":{"line":210,"column":9}},"67":{"start":{"line":208,"column":10},"end":{"line":208,"column":31}},"68":{"start":{"line":209,"column":10},"end":{"line":209,"column":16}},"69":{"start":{"line":212,"column":6},"end":{"line":212,"column":27}},"70":{"start":{"line":212,"column":20},"end":{"line":212,"column":27}},"71":{"start":{"line":214,"column":6},"end":{"line":214,"column":37}},"72":{"start":{"line":217,"column":6},"end":{"line":225,"column":11}},"73":{"start":{"line":220,"column":28},"end":{"line":220,"column":60}},"74":{"start":{"line":221,"column":10},"end":{"line":221,"column":41}},"75":{"start":{"line":222,"column":10},"end":{"line":224,"column":12}},"76":{"start":{"line":223,"column":12},"end":{"line":223,"column":39}},"77":{"start":{"line":231,"column":2},"end":{"line":246,"column":3}},"78":{"start":{"line":232,"column":4},"end":{"line":232,"column":31}},"79":{"start":{"line":233,"column":4},"end":{"line":243,"column":5}},"80":{"start":{"line":234,"column":6},"end":{"line":239,"column":7}},"81":{"start":{"line":235,"column":8},"end":{"line":235,"column":56}},"82":{"start":{"line":237,"column":8},"end":{"line":237,"column":30}},"83":{"start":{"line":238,"column":8},"end":{"line":238,"column":14}},"84":{"start":{"line":248,"column":2},"end":{"line":250,"column":3}}},"fnMap":{"0":{"name":"PieChart","decl":{"start":{"line":10,"column":24},"end":{"line":10,"column":32}},"loc":{"start":{"line":10,"column":40},"end":{"line":251,"column":1}},"line":10},"1":{"name":"(anonymous_1)","decl":{"start":{"line":17,"column":20},"end":{"line":17,"column":21}},"loc":{"start":{"line":17,"column":26},"end":{"line":82,"column":3}},"line":17},"2":{"name":"(anonymous_2)","decl":{"start":{"line":64,"column":17},"end":{"line":64,"column":18}},"loc":{"start":{"line":64,"column":32},"end":{"line":66,"column":4}},"line":64},"3":{"name":"(anonymous_3)","decl":{"start":{"line":72,"column":12},"end":{"line":72,"column":13}},"loc":{"start":{"line":72,"column":24},"end":{"line":75,"column":7}},"line":72},"4":{"name":"(anonymous_4)","decl":{"start":{"line":76,"column":25},"end":{"line":76,"column":26}},"loc":{"start":{"line":76,"column":37},"end":{"line":78,"column":7}},"line":76},"5":{"name":"(anonymous_5)","decl":{"start":{"line":88,"column":21},"end":{"line":88,"column":22}},"loc":{"start":{"line":88,"column":31},"end":{"line":228,"column":3}},"line":88},"6":{"name":"(anonymous_6)","decl":{"start":{"line":123,"column":13},"end":{"line":123,"column":14}},"loc":{"start":{"line":123,"column":25},"end":{"line":125,"column":7}},"line":123},"7":{"name":"(anonymous_7)","decl":{"start":{"line":169,"column":20},"end":{"line":169,"column":21}},"loc":{"start":{"line":169,"column":32},"end":{"line":169,"column":63}},"line":169},"8":{"name":"(anonymous_8)","decl":{"start":{"line":170,"column":12},"end":{"line":170,"column":13}},"loc":{"start":{"line":170,"column":24},"end":{"line":170,"column":46}},"line":170},"9":{"name":"(anonymous_9)","decl":{"start":{"line":173,"column":25},"end":{"line":173,"column":26}},"loc":{"start":{"line":173,"column":37},"end":{"line":189,"column":5}},"line":173},"10":{"name":"(anonymous_10)","decl":{"start":{"line":175,"column":34},"end":{"line":175,"column":35}},"loc":{"start":{"line":175,"column":46},"end":{"line":178,"column":7}},"line":175},"11":{"name":"(anonymous_11)","decl":{"start":{"line":187,"column":65},"end":{"line":187,"column":66}},"loc":{"start":{"line":187,"column":73},"end":{"line":187,"column":84}},"line":187},"12":{"name":"(anonymous_12)","decl":{"start":{"line":191,"column":24},"end":{"line":191,"column":25}},"loc":{"start":{"line":191,"column":35},"end":{"line":194,"column":5}},"line":191},"13":{"name":"(anonymous_13)","decl":{"start":{"line":196,"column":25},"end":{"line":196,"column":26}},"loc":{"start":{"line":196,"column":37},"end":{"line":200,"column":5}},"line":196},"14":{"name":"(anonymous_14)","decl":{"start":{"line":202,"column":45},"end":{"line":202,"column":46}},"loc":{"start":{"line":202,"column":61},"end":{"line":226,"column":5}},"line":202},"15":{"name":"(anonymous_15)","decl":{"start":{"line":219,"column":24},"end":{"line":219,"column":25}},"loc":{"start":{"line":219,"column":36},"end":{"line":225,"column":9}},"line":219},"16":{"name":"(anonymous_16)","decl":{"start":{"line":222,"column":17},"end":{"line":222,"column":18}},"loc":{"start":{"line":222,"column":29},"end":{"line":224,"column":11}},"line":222}},"branchMap":{"0":{"loc":{"start":{"line":28,"column":14},"end":{"line":28,"column":43}},"type":"cond-expr","locations":[{"start":{"line":28,"column":30},"end":{"line":28,"column":38}},{"start":{"line":28,"column":41},"end":{"line":28,"column":43}}],"line":28},"1":{"loc":{"start":{"line":207,"column":8},"end":{"line":210,"column":9}},"type":"if","locations":[{"start":{"line":207,"column":8},"end":{"line":210,"column":9}},{"start":{"line":207,"column":8},"end":{"line":210,"column":9}}],"line":207},"2":{"loc":{"start":{"line":212,"column":6},"end":{"line":212,"column":27}},"type":"if","locations":[{"start":{"line":212,"column":6},"end":{"line":212,"column":27}},{"start":{"line":212,"column":6},"end":{"line":212,"column":27}}],"line":212},"3":{"loc":{"start":{"line":231,"column":2},"end":{"line":246,"column":3}},"type":"if","locations":[{"start":{"line":231,"column":2},"end":{"line":246,"column":3}},{"start":{"line":231,"column":2},"end":{"line":246,"column":3}}],"line":231},"4":{"loc":{"start":{"line":231,"column":6},"end":{"line":231,"column":37}},"type":"binary-expr","locations":[{"start":{"line":231,"column":6},"end":{"line":231,"column":22}},{"start":{"line":231,"column":26},"end":{"line":231,"column":37}}],"line":231},"5":{"loc":{"start":{"line":234,"column":6},"end":{"line":239,"column":7}},"type":"if","locations":[{"start":{"line":234,"column":6},"end":{"line":239,"column":7}},{"start":{"line":234,"column":6},"end":{"line":239,"column":7}}],"line":234}},"s":{"0":0,"1":0,"2":0,"3":0,"4":0,"5":0,"6":0,"7":0,"8":0,"9":0,"10":0,"11":0,"12":0,"13":0,"14":0,"15":0,"16":0,"17":0,"18":0,"19":0,"20":0,"21":0,"22":0,"23":0,"24":0,"25":0,"26":0,"27":0,"28":0,"29":0,"30":0,"31":0,"32":0,"33":0,"34":0,"35":0,"36":0,"37":0,"38":0,"39":0,"40":0,"41":0,"42":0,"43":0,"44":0,"45":0,"46":0,"47":0,"48":0,"49":0,"50":0,"51":0,"52":0,"53":0,"54":0,"55":0,"56":0,"57":0,"58":0,"59":0,"60":0,"61":0,"62":0,"63":0,"64":0,"65":0,"66":0,"67":0,"68":0,"69":0,"70":0,"71":0,"72":0,"73":0,"74":0,"75":0,"76":0,"77":0,"78":0,"79":0,"80":0,"81":0,"82":0,"83":0,"84":0},"f":{"0":0,"1":0,"2":0,"3":0,"4":0,"5":0,"6":0,"7":0,"8":0,"9":0,"10":0,"11":0,"12":0,"13":0,"14":0,"15":0,"16":0},"b":{"0":[0,0],"1":[0,0],"2":[0,0],"3":[0,0],"4":[0,0],"5":[0,0]},"_coverageSchema":"1a1c01bbd47fc00a2c39e90264f33305004495a9","hash":"a951d73131815206432b47ed9bfde2debbfa98ad"}
}
