TN:
SF:frontend/src/SharedContext.js
FNF:0
FNH:0
DA:2,1
LF:1
LH:1
BRF:0
BRH:0
end_of_record
TN:
SF:frontend/src/demo.js
FN:15,Demo
FN:25,(anonymous_1)
FN:41,(anonymous_2)
FN:47,(anonymous_3)
FN:62,(anonymous_4)
FN:108,(anonymous_5)
FN:114,(anonymous_6)
FN:118,(anonymous_7)
FN:125,(anonymous_8)
FN:134,(anonymous_9)
FN:139,removeDisabled
FN:143,(anonymous_11)
FN:144,(anonymous_12)
FN:153,(anonymous_13)
FN:158,(anonymous_14)
FN:175,(anonymous_15)
FN:176,(anonymous_16)
FN:184,(anonymous_17)
FNF:18
FNH:0
FNDA:0,Demo
FNDA:0,(anonymous_1)
FNDA:0,(anonymous_2)
FNDA:0,(anonymous_3)
FNDA:0,(anonymous_4)
FNDA:0,(anonymous_5)
FNDA:0,(anonymous_6)
FNDA:0,(anonymous_7)
FNDA:0,(anonymous_8)
FNDA:0,(anonymous_9)
FNDA:0,removeDisabled
FNDA:0,(anonymous_11)
FNDA:0,(anonymous_12)
FNDA:0,(anonymous_13)
FNDA:0,(anonymous_14)
FNDA:0,(anonymous_15)
FNDA:0,(anonymous_16)
FNDA:0,(anonymous_17)
DA:9,1
DA:13,1
DA:16,0
DA:17,0
DA:18,0
DA:19,0
DA:20,0
DA:21,0
DA:22,0
DA:25,0
DA:26,0
DA:27,0
DA:28,0
DA:29,0
DA:32,0
DA:40,0
DA:42,0
DA:43,0
DA:45,0
DA:56,0
DA:58,0
DA:59,0
DA:61,0
DA:62,0
DA:63,0
DA:64,0
DA:65,0
DA:66,0
DA:67,0
DA:70,0
DA:71,0
DA:72,0
DA:73,0
DA:76,0
DA:114,0
DA:115,0
DA:117,0
DA:118,0
DA:119,0
DA:125,0
DA:126,0
DA:129,0
DA:130,0
DA:134,0
DA:135,0
DA:136,0
DA:140,0
DA:141,0
DA:143,0
DA:144,0
DA:148,0
DA:149,0
DA:153,0
DA:154,0
DA:158,0
DA:175,0
DA:176,0
DA:182,0
DA:184,0
DA:188,0
DA:189,0
DA:192,0
LF:62
LH:2
BRDA:28,0,0,0
BRDA:28,0,1,0
BRDA:42,1,0,0
BRDA:42,1,1,0
BRDA:64,2,0,0
BRDA:64,2,1,0
BRDA:71,3,0,0
BRDA:71,3,1,0
BRDA:129,4,0,0
BRDA:129,4,1,0
BRF:10
BRH:0
end_of_record
TN:
SF:frontend/src/piechart.js
FN:10,PieChart
FN:17,(anonymous_1)
FN:64,(anonymous_2)
FN:72,(anonymous_3)
FN:76,(anonymous_4)
FN:88,(anonymous_5)
FN:123,(anonymous_6)
FN:169,(anonymous_7)
FN:170,(anonymous_8)
FN:173,(anonymous_9)
FN:175,(anonymous_10)
FN:187,(anonymous_11)
FN:191,(anonymous_12)
FN:196,(anonymous_13)
FN:202,(anonymous_14)
FN:219,(anonymous_15)
FN:222,(anonymous_16)
FNF:17
FNH:0
FNDA:0,PieChart
FNDA:0,(anonymous_1)
FNDA:0,(anonymous_2)
FNDA:0,(anonymous_3)
FNDA:0,(anonymous_4)
FNDA:0,(anonymous_5)
FNDA:0,(anonymous_6)
FNDA:0,(anonymous_7)
FNDA:0,(anonymous_8)
FNDA:0,(anonymous_9)
FNDA:0,(anonymous_10)
FNDA:0,(anonymous_11)
FNDA:0,(anonymous_12)
FNDA:0,(anonymous_13)
FNDA:0,(anonymous_14)
FNDA:0,(anonymous_15)
FNDA:0,(anonymous_16)
DA:15,0
DA:17,0
DA:19,0
DA:21,0
DA:22,0
DA:27,0
DA:28,0
DA:30,0
DA:31,0
DA:32,0
DA:36,0
DA:37,0
DA:38,0
DA:39,0
DA:40,0
DA:41,0
DA:43,0
DA:48,0
DA:51,0
DA:56,0
DA:63,0
DA:65,0
DA:71,0
DA:73,0
DA:77,0
DA:88,0
DA:91,0
DA:94,0
DA:95,0
DA:96,0
DA:99,0
DA:102,0
DA:103,0
DA:106,0
DA:108,0
DA:109,0
DA:111,0
DA:118,0
DA:122,0
DA:124,0
DA:132,0
DA:136,0
DA:139,0
DA:142,0
DA:164,0
DA:169,0
DA:170,0
DA:173,0
DA:175,0
DA:176,0
DA:179,0
DA:181,0
DA:182,0
DA:184,0
DA:185,0
DA:187,0
DA:188,0
DA:191,0
DA:192,0
DA:196,0
DA:198,0
DA:202,0
DA:204,0
DA:206,0
DA:207,0
DA:208,0
DA:209,0
DA:212,0
DA:214,0
DA:217,0
DA:220,0
DA:221,0
DA:222,0
DA:223,0
DA:231,0
DA:232,0
DA:233,0
DA:234,0
DA:235,0
DA:237,0
DA:238,0
DA:248,0
LF:82
LH:0
BRDA:28,0,0,0
BRDA:28,0,1,0
BRDA:207,1,0,0
BRDA:207,1,1,0
BRDA:212,2,0,0
BRDA:212,2,1,0
BRDA:231,3,0,0
BRDA:231,3,1,0
BRDA:231,4,0,0
BRDA:231,4,1,0
BRDA:234,5,0,0
BRDA:234,5,1,0
BRF:12
BRH:0
end_of_record
